INFO    -  Cleaning site directory
INFO    -  Building documentation to directory: /home/cs/FoodSpec/site
INFO    -  The following pages exist in the docs directory, but are not included in the "nav" configuration:
  - MIGRATION_GUIDE.md
  - README_DOCS_STRUCTURE.md
  - SMOKE_TEST.md
  - advanced_deep_learning.md
  - aging_workflows.md
  - architecture.md
  - chemometrics_guide.md
  - citing.md
  - cli.md
  - cli_help.md
  - config_logging.md
  - contributing.md
  - csv_to_library.md
  - deployment_artifact_versioning.md
  - deployment_hdf5_schema_versioning.md
  - design_overview.md
  - domains_overview.md
  - foodspect_rq_engine.md
  - ftir_raman_preprocessing.md
  - getting_started.md
  - hsi_and_harmonization.md
  - installation.md
  - integration_checklist.md
  - keyword_index.md
  - libraries.md
  - library_search.md
  - method_comparison.md
  - ml_model_vip_scores.md
  - model_lifecycle.md
  - model_registry.md
  - modeling_gui_foodspec_workflow.md
  - multimodal_workflows.md
  - preprocessing_guide.md
  - protocol_benchmarks.md
  - protocol_cookbook.md
  - protocols_overview.md
  - quickstart_cli.md
  - quickstart_protocol.md
  - quickstart_python.md
  - raman_gui_quickstart.md
  - registry_and_plugins.md
  - releasing.md
  - reporting_guidelines.md
  - testing_coverage.md
  - troubleshooting_faq.md
  - validation_baseline.md
  - validation_chemometrics_oils.md
  - validation_peak_ratios.md
  - vendor_io.md
  - versioning.md
  - workflows_harmonization_automated_calibration.md
  - api/index.md
  - api/chemometrics.md
  - api/datasets.md
  - api/features.md
  - api/io.md
  - api/metrics.md
  - api/ml.md
  - api/preprocessing.md
  - api/stats.md
  - api/workflows.md
  - archive/README.md
  - archive/AUDIT_DOCUMENTATION_INDEX.md
  - archive/CLI_REFACTORING_COMPLETE.md
  - archive/CODEBASE_STATUS_SUMMARY.md
  - archive/FEATURE_AUDIT.md
  - archive/IMPLEMENTATION_AUDIT.md
  - archive/PHASE0_DISCOVERY_REPORT.md
  - archive/PROJECT_STRUCTURE_AUDIT.md
  - archive/api_cli_apps.md
  - archive/api_core.md
  - archive/api_features_chemometrics.md
  - archive/api_io_data.md
  - archive/api_preprocess.md
  - archive/api_reference.md
  - archive/metrics_interpretation.md
  - archive/ml_models.md
  - archive/spectral_basics.md
  - archive/stats_tests.md
  - datasets/dataset_design.md
  - design/01_overview.md
  - dev/design_stats_and_analysis.md
  - dev/developer_notes.md
  - dev/smoke_test_results_2025-12-25.md
  - foundations/data_structures_and_fair_principles.md
  - foundations/food_spectroscopy_applications.md
  - foundations/introduction.md
  - foundations/spectroscopy_basics.md
  - metrics/metrics_and_evaluation.md
  - ml/classification_regression.md
  - ml/mixture_models.md
  - ml/model_evaluation_and_validation.md
  - ml/model_interpretability.md
  - ml/models_and_best_practices.md
  - ml/pca_and_dimensionality_reduction.md
  - preprocessing/baseline_correction.md
  - preprocessing/derivatives_and_feature_enhancement.md
  - preprocessing/feature_extraction.md
  - preprocessing/normalization_smoothing.md
  - preprocessing/scatter_correction_cosmic_ray_removal.md
  - protocols/benchmarking_framework.md
  - protocols/decision_trees.md
  - protocols/reproducibility_checklist.md
  - stats/anova_and_manova.md
  - stats/correlation_and_mapping.md
  - stats/hypothesis_testing_in_food_spectroscopy.md
  - stats/introduction_to_statistical_analysis.md
  - stats/nonparametric_methods_and_robustness.md
  - stats/overview.md
  - stats/study_design_and_data_requirements.md
  - stats/t_tests_effect_sizes_and_power.md
  - troubleshooting/common_problems_and_solutions.md
  - user_guide/instrument_file_formats.md
  - visualization/plotting_with_foodspec.md
  - workflows/batch_quality_control.md
  - workflows/calibration_regression_example.md
  - workflows/domain_templates.md
  - workflows/heating_quality_monitoring.md
  - workflows/hyperspectral_mapping.md
  - workflows/mixture_analysis.md
  - workflows/oil_authentication.md
  - workflows/standard_templates.md
  - workflows/workflow_design_and_reporting.md
WARNING -  Doc file 'deployment_artifact_versioning.md' contains a link 'artifact_export.md', but the target is not found among documentation files.
WARNING -  Doc file 'deployment_artifact_versioning.md' contains a link '../repro/run_record.md', but the target is not found among documentation files.
WARNING -  Doc file 'workflows_harmonization_automated_calibration.md' contains a link 'calibration_transfer.md', but the target is not found among documentation files.
WARNING -  Doc file '05-advanced-topics/MOATS_IMPLEMENTATION.md' contains a link 'docs/moats_overview.md', but the target '05-advanced-topics/docs/moats_overview.md' is not found among documentation files.
WARNING -  Doc file 'archive/FEATURE_AUDIT.md' contains a link 'src/foodspec/ml/hyperparameter_tuning.py', but the target 'archive/src/foodspec/ml/hyperparameter_tuning.py' is not found among documentation files.
WARNING -  Doc file 'archive/FEATURE_AUDIT.md' contains a link 'tests/ml/test_hyperparameter_tuning.py', but the target 'archive/tests/ml/test_hyperparameter_tuning.py' is not found among documentation files.
WARNING -  Doc file 'archive/FEATURE_AUDIT.md' contains a link 'src/foodspec/qc/threshold_optimization.py', but the target 'archive/src/foodspec/qc/threshold_optimization.py' is not found among documentation files.
WARNING -  Doc file 'archive/FEATURE_AUDIT.md' contains a link 'tests/qc/test_threshold_optimization.py', but the target 'archive/tests/qc/test_threshold_optimization.py' is not found among documentation files.
WARNING -  Doc file 'archive/FEATURE_AUDIT.md' contains a link 'src/foodspec/io/vendor_format_support.py', but the target 'archive/src/foodspec/io/vendor_format_support.py' is not found among documentation files.
WARNING -  Doc file 'archive/FEATURE_AUDIT.md' contains a link 'tests/io_tests/test_vendor_format_support.py', but the target 'archive/tests/io_tests/test_vendor_format_support.py' is not found among documentation files.
WARNING -  Doc file 'archive/FEATURE_AUDIT.md' contains a link 'src/foodspec/io/hdf5_schema_versioning.py', but the target 'archive/src/foodspec/io/hdf5_schema_versioning.py' is not found among documentation files.
WARNING -  Doc file 'archive/FEATURE_AUDIT.md' contains a link 'tests/io_tests/test_hdf5_schema_versioning.py', but the target 'archive/tests/io_tests/test_hdf5_schema_versioning.py' is not found among documentation files.
WARNING -  Doc file 'archive/FEATURE_AUDIT.md' contains a link 'src/foodspec/hyperspectral/memory_management.py', but the target 'archive/src/foodspec/hyperspectral/memory_management.py' is not found among documentation files.
WARNING -  Doc file 'archive/FEATURE_AUDIT.md' contains a link 'tests/hyperspectral/test_memory_management.py', but the target 'archive/tests/hyperspectral/test_memory_management.py' is not found among documentation files.
WARNING -  Doc file 'archive/FEATURE_AUDIT.md' contains a link 'src/foodspec/ml/nested_cv.py', but the target 'archive/src/foodspec/ml/nested_cv.py' is not found among documentation files.
WARNING -  Doc file 'archive/FEATURE_AUDIT.md' contains a link 'tests/ml/test_nested_cv.py', but the target 'archive/tests/ml/test_nested_cv.py' is not found among documentation files.
WARNING -  Doc file 'archive/FEATURE_AUDIT.md' contains a link 'src/foodspec/qc/threshold_optimization.py', but the target 'archive/src/foodspec/qc/threshold_optimization.py' is not found among documentation files.
WARNING -  Doc file 'archive/FEATURE_AUDIT.md' contains a link 'tests/qc/test_threshold_optimization.py', but the target 'archive/tests/qc/test_threshold_optimization.py' is not found among documentation files.
WARNING -  Doc file 'archive/FEATURE_AUDIT.md' contains a link 'src/foodspec/ml/hyperparameter_tuning.py', but the target 'archive/src/foodspec/ml/hyperparameter_tuning.py' is not found among documentation files.
WARNING -  Doc file 'archive/FEATURE_AUDIT.md' contains a link 'tests/ml/test_hyperparameter_tuning.py', but the target 'archive/tests/ml/test_hyperparameter_tuning.py' is not found among documentation files.
WARNING -  Doc file 'archive/FEATURE_AUDIT.md' contains a link 'src/foodspec/hyperspectral/memory_management.py', but the target 'archive/src/foodspec/hyperspectral/memory_management.py' is not found among documentation files.
WARNING -  Doc file 'archive/FEATURE_AUDIT.md' contains a link 'tests/hyperspectral/test_memory_management.py', but the target 'archive/tests/hyperspectral/test_memory_management.py' is not found among documentation files.
WARNING -  Doc file 'archive/FEATURE_AUDIT.md' contains a link 'src/foodspec/ml/nested_cv.py', but the target 'archive/src/foodspec/ml/nested_cv.py' is not found among documentation files.
WARNING -  Doc file 'archive/FEATURE_AUDIT.md' contains a link 'tests/ml/test_nested_cv.py', but the target 'archive/tests/ml/test_nested_cv.py' is not found among documentation files.
WARNING -  Doc file 'archive/FEATURE_AUDIT.md' contains a link 'src/foodspec/io/vendor_format_support.py', but the target 'archive/src/foodspec/io/vendor_format_support.py' is not found among documentation files.
WARNING -  Doc file 'archive/FEATURE_AUDIT.md' contains a link 'tests/io_tests/test_vendor_format_support.py', but the target 'archive/tests/io_tests/test_vendor_format_support.py' is not found among documentation files.
WARNING -  Doc file 'archive/FEATURE_AUDIT.md' contains a link 'src/foodspec/io/hdf5_schema_versioning.py', but the target 'archive/src/foodspec/io/hdf5_schema_versioning.py' is not found among documentation files.
WARNING -  Doc file 'archive/FEATURE_AUDIT.md' contains a link 'tests/io_tests/test_hdf5_schema_versioning.py', but the target 'archive/tests/io_tests/test_hdf5_schema_versioning.py' is not found among documentation files.
WARNING -  Doc file 'archive/FEATURE_AUDIT.md' contains a link 'tests/test_gaps_5_8_9_10.py', but the target 'archive/tests/test_gaps_5_8_9_10.py' is not found among documentation files.
WARNING -  Doc file 'archive/FEATURE_AUDIT.md' contains a link 'src/foodspec/ml/nested_cv.py', but the target 'archive/src/foodspec/ml/nested_cv.py' is not found among documentation files.
WARNING -  Doc file 'archive/FEATURE_AUDIT.md' contains a link 'tests/test_gaps_5_8_9_10.py', but the target 'archive/tests/test_gaps_5_8_9_10.py' is not found among documentation files.
WARNING -  Doc file 'archive/FEATURE_AUDIT.md' contains a link 'tests/test_gaps_5_8_9_10.py', but the target 'archive/tests/test_gaps_5_8_9_10.py' is not found among documentation files.
WARNING -  Doc file 'archive/PROJECT_STRUCTURE_AUDIT.md' contains a link 'CONTRIBUTING.md', but the target 'archive/CONTRIBUTING.md' is not found among documentation files.
INFO    -  Doc file 'ml_model_vip_scores.md' contains a link 'chemometrics_guide.md#pls--pls-da', but the doc 'chemometrics_guide.md' does not contain an anchor '#pls--pls-da'.

Aborted with 33 warnings in strict mode!
